[{"line":1,"elements":[{"start_timestamp":"2025-07-16T17:21:27.944Z","before":[{"result":{"duration":1683006900,"status":"passed"},"match":{"location":"hooks.Hooks.setup(io.cucumber.java.Scenario)"}}],"line":3,"name":"Complete checkout after adding product","description":"","id":"saucedemo-checkout-functionality;complete-checkout-after-adding-product","after":[{"result":{"duration":487966100,"status":"passed"},"match":{"location":"hooks.Hooks.tearDownTest(io.cucumber.java.Scenario)"}}],"type":"scenario","keyword":"Scenario","steps":[{"result":{"duration":555656900,"status":"passed"},"line":4,"name":"User is on SauceDemo login page","match":{"location":"stepdefinitions.LoginStep.user_is_on_sauce_demo_login_page()"},"keyword":"Given "},{"result":{"duration":498757300,"status":"passed"},"line":5,"name":"User logs in with username \"standard_user\" and password \"secret_sauce\"","match":{"arguments":[{"val":"\"standard_user\"","offset":27},{"val":"\"secret_sauce\"","offset":56}],"location":"stepdefinitions.CheckoutStep.user_logs_in_with_username_and_password(java.lang.String,java.lang.String)"},"keyword":"When "},{"result":{"duration":89114100,"status":"passed"},"line":6,"name":"User adds a product to the cart","match":{"location":"stepdefinitions.CheckoutStep.user_adds_a_product_to_the_cart()"},"keyword":"And "},{"result":{"error_message":"org.openqa.selenium.TimeoutException: Expected condition failed: waiting for element to be clickable: Proxy element for: DefaultElementLocator 'By.id: checkout' (tried for 10 second(s) with 500 milliseconds interval)\r\n\tat org.openqa.selenium.support.ui.WebDriverWait.timeoutException(WebDriverWait.java:84)\r\n\tat org.openqa.selenium.support.ui.FluentWait.until(FluentWait.java:228)\r\n\tat utils.WaitUtil.waitForElementClickable(WaitUtil.java:18)\r\n\tat pages.CartPage.proceedToCheckout(CartPage.java:22)\r\n\tat stepdefinitions.CheckoutStep.user_navigates_to_cart_and_proceeds_to_checkout(CheckoutStep.java:42)\r\n\tat ✽.User navigates to cart and proceeds to checkout(file:///C:/Users/ADMIN/eclipse-workspace/cucumber/src/test/resources/features/checkout.feature:7)\r\nCaused by: org.openqa.selenium.NoSuchElementException: no such element: Unable to locate element: {\"method\":\"css selector\",\"selector\":\"#checkout\"}\n  (Session info: chrome=138.0.7204.101)\nFor documentation on this error, please visit: https://www.selenium.dev/documentation/webdriver/troubleshooting/errors#no-such-element-exception\nBuild info: version: '4.21.0', revision: '79ed462ef4'\nSystem info: os.name: 'Windows 11', os.arch: 'amd64', os.version: '10.0', java.version: '17.0.10'\nDriver info: org.openqa.selenium.chrome.ChromeDriver\nCommand: [ed56d031fac7fcd892f8f9054967bdc3, findElement {using=id, value=checkout}]\nCapabilities {acceptInsecureCerts: false, browserName: chrome, browserVersion: 138.0.7204.101, chrome: {chromedriverVersion: 138.0.7204.94 (545025748884..., userDataDir: C:\\Users\\ADMIN\\AppData\\Loca...}, fedcm:accounts: true, goog:chromeOptions: {debuggerAddress: localhost:55419}, networkConnectionEnabled: false, pageLoadStrategy: normal, platformName: windows, proxy: Proxy(), se:cdp: ws://localhost:55419/devtoo..., se:cdpVersion: 138.0.7204.101, setWindowRect: true, strictFileInteractability: false, timeouts: {implicit: 0, pageLoad: 300000, script: 30000}, unhandledPromptBehavior: dismiss and notify, webauthn:extension:credBlob: true, webauthn:extension:largeBlob: true, webauthn:extension:minPinLength: true, webauthn:extension:prf: true, webauthn:virtualAuthenticators: true}\nSession ID: ed56d031fac7fcd892f8f9054967bdc3\r\n\tat java.base/jdk.internal.reflect.NativeConstructorAccessorImpl.newInstance0(Native Method)\r\n\tat java.base/jdk.internal.reflect.NativeConstructorAccessorImpl.newInstance(NativeConstructorAccessorImpl.java:77)\r\n\tat java.base/jdk.internal.reflect.DelegatingConstructorAccessorImpl.newInstance(DelegatingConstructorAccessorImpl.java:45)\r\n\tat java.base/java.lang.reflect.Constructor.newInstanceWithCaller(Constructor.java:499)\r\n\tat java.base/java.lang.reflect.Constructor.newInstance(Constructor.java:480)\r\n\tat org.openqa.selenium.remote.ErrorCodec.decode(ErrorCodec.java:167)\r\n\tat org.openqa.selenium.remote.codec.w3c.W3CHttpResponseCodec.decode(W3CHttpResponseCodec.java:138)\r\n\tat org.openqa.selenium.remote.codec.w3c.W3CHttpResponseCodec.decode(W3CHttpResponseCodec.java:50)\r\n\tat org.openqa.selenium.remote.HttpCommandExecutor.execute(HttpCommandExecutor.java:190)\r\n\tat org.openqa.selenium.remote.service.DriverCommandExecutor.invokeExecute(DriverCommandExecutor.java:216)\r\n\tat org.openqa.selenium.remote.service.DriverCommandExecutor.execute(DriverCommandExecutor.java:174)\r\n\tat org.openqa.selenium.remote.RemoteWebDriver.execute(RemoteWebDriver.java:518)\r\n\tat org.openqa.selenium.remote.ElementLocation$ElementFinder$2.findElement(ElementLocation.java:165)\r\n\tat org.openqa.selenium.remote.ElementLocation.findElement(ElementLocation.java:59)\r\n\tat org.openqa.selenium.remote.RemoteWebDriver.findElement(RemoteWebDriver.java:355)\r\n\tat org.openqa.selenium.remote.RemoteWebDriver.findElement(RemoteWebDriver.java:349)\r\n\tat org.openqa.selenium.support.pagefactory.DefaultElementLocator.findElement(DefaultElementLocator.java:68)\r\n\tat org.openqa.selenium.support.pagefactory.internal.LocatingElementHandler.invoke(LocatingElementHandler.java:38)\r\n\tat jdk.proxy2/jdk.proxy2.$Proxy25.isDisplayed(Unknown Source)\r\n\tat org.openqa.selenium.support.ui.ExpectedConditions.elementIfVisible(ExpectedConditions.java:304)\r\n\tat org.openqa.selenium.support.ui.ExpectedConditions$10.apply(ExpectedConditions.java:290)\r\n\tat org.openqa.selenium.support.ui.ExpectedConditions$10.apply(ExpectedConditions.java:287)\r\n\tat org.openqa.selenium.support.ui.ExpectedConditions$23.apply(ExpectedConditions.java:656)\r\n\tat org.openqa.selenium.support.ui.ExpectedConditions$23.apply(ExpectedConditions.java:652)\r\n\tat org.openqa.selenium.support.ui.FluentWait.until(FluentWait.java:203)\r\n\tat utils.WaitUtil.waitForElementClickable(WaitUtil.java:18)\r\n\tat pages.CartPage.proceedToCheckout(CartPage.java:22)\r\n\tat stepdefinitions.CheckoutStep.user_navigates_to_cart_and_proceeds_to_checkout(CheckoutStep.java:42)\r\n\tat java.base/jdk.internal.reflect.NativeMethodAccessorImpl.invoke0(Native Method)\r\n\tat java.base/jdk.internal.reflect.NativeMethodAccessorImpl.invoke(NativeMethodAccessorImpl.java:77)\r\n\tat java.base/jdk.internal.reflect.DelegatingMethodAccessorImpl.invoke(DelegatingMethodAccessorImpl.java:43)\r\n\tat java.base/java.lang.reflect.Method.invoke(Method.java:568)\r\n\tat io.cucumber.java.Invoker.doInvoke(Invoker.java:66)\r\n\tat io.cucumber.java.Invoker.invoke(Invoker.java:24)\r\n\tat io.cucumber.java.AbstractGlueDefinition.invokeMethod(AbstractGlueDefinition.java:47)\r\n\tat io.cucumber.java.JavaStepDefinition.execute(JavaStepDefinition.java:29)\r\n\tat io.cucumber.core.runner.CoreStepDefinition.execute(CoreStepDefinition.java:66)\r\n\tat io.cucumber.core.runner.PickleStepDefinitionMatch.runStep(PickleStepDefinitionMatch.java:63)\r\n\tat io.cucumber.core.runner.ExecutionMode$1.execute(ExecutionMode.java:10)\r\n\tat io.cucumber.core.runner.TestStep.executeStep(TestStep.java:81)\r\n\tat io.cucumber.core.runner.TestStep.run(TestStep.java:53)\r\n\tat io.cucumber.core.runner.PickleStepTestStep.run(PickleStepTestStep.java:51)\r\n\tat io.cucumber.core.runner.TestCase.run(TestCase.java:84)\r\n\tat io.cucumber.core.runner.Runner.runPickle(Runner.java:75)\r\n\tat io.cucumber.junit.PickleRunners$WithStepDescriptions.lambda$run$1(PickleRunners.java:109)\r\n\tat io.cucumber.core.runtime.CucumberExecutionContext.lambda$runTestCase$5(CucumberExecutionContext.java:136)\r\n\tat io.cucumber.core.runtime.RethrowingThrowableCollector.executeAndThrow(RethrowingThrowableCollector.java:23)\r\n\tat io.cucumber.core.runtime.CucumberExecutionContext.runTestCase(CucumberExecutionContext.java:136)\r\n\tat io.cucumber.junit.PickleRunners$WithStepDescriptions.run(PickleRunners.java:106)\r\n\tat io.cucumber.junit.FeatureRunner.runChild(FeatureRunner.java:144)\r\n\tat io.cucumber.junit.FeatureRunner.runChild(FeatureRunner.java:28)\r\n\tat org.junit.runners.ParentRunner$4.run(ParentRunner.java:331)\r\n\tat org.junit.runners.ParentRunner$1.schedule(ParentRunner.java:79)\r\n\tat org.junit.runners.ParentRunner.runChildren(ParentRunner.java:329)\r\n\tat org.junit.runners.ParentRunner.access$100(ParentRunner.java:66)\r\n\tat org.junit.runners.ParentRunner$2.evaluate(ParentRunner.java:293)\r\n\tat org.junit.runners.ParentRunner$3.evaluate(ParentRunner.java:306)\r\n\tat org.junit.runners.ParentRunner.run(ParentRunner.java:413)\r\n\tat io.cucumber.junit.FeatureRunner.run(FeatureRunner.java:137)\r\n\tat io.cucumber.junit.Cucumber.runChild(Cucumber.java:196)\r\n\tat io.cucumber.junit.Cucumber.runChild(Cucumber.java:89)\r\n\tat org.junit.runners.ParentRunner$4.run(ParentRunner.java:331)\r\n\tat org.junit.runners.ParentRunner$1.schedule(ParentRunner.java:79)\r\n\tat org.junit.runners.ParentRunner.runChildren(ParentRunner.java:329)\r\n\tat org.junit.runners.ParentRunner.access$100(ParentRunner.java:66)\r\n\tat org.junit.runners.ParentRunner$2.evaluate(ParentRunner.java:293)\r\n\tat io.cucumber.core.runtime.CucumberExecutionContext.lambda$runFeatures$6(CucumberExecutionContext.java:147)\r\n\tat io.cucumber.core.runtime.CucumberExecutionContext.execute(CucumberExecutionContext.java:162)\r\n\tat io.cucumber.core.runtime.CucumberExecutionContext.runFeatures(CucumberExecutionContext.java:145)\r\n\tat io.cucumber.junit.Cucumber$StartAndFinishTestRun.evaluate(Cucumber.java:226)\r\n\tat org.junit.runners.ParentRunner$3.evaluate(ParentRunner.java:306)\r\n\tat org.junit.runners.ParentRunner.run(ParentRunner.java:413)\r\n\tat org.eclipse.jdt.internal.junit4.runner.JUnit4TestReference.run(JUnit4TestReference.java:93)\r\n\tat org.eclipse.jdt.internal.junit.runner.TestExecution.run(TestExecution.java:40)\r\n\tat org.eclipse.jdt.internal.junit.runner.RemoteTestRunner.runTests(RemoteTestRunner.java:529)\r\n\tat org.eclipse.jdt.internal.junit.runner.RemoteTestRunner.runTests(RemoteTestRunner.java:756)\r\n\tat org.eclipse.jdt.internal.junit.runner.RemoteTestRunner.run(RemoteTestRunner.java:452)\r\n\tat org.eclipse.jdt.internal.junit.runner.RemoteTestRunner.main(RemoteTestRunner.java:210)\r\n","duration":20244988500,"status":"failed"},"line":7,"name":"User navigates to cart and proceeds to checkout","match":{"location":"stepdefinitions.CheckoutStep.user_navigates_to_cart_and_proceeds_to_checkout()"},"keyword":"And "},{"result":{"duration":1004500,"status":"skipped"},"line":8,"name":"User provides checkout details \"Akanksha\" \"Sharma\" \"411001\"","match":{"arguments":[{"val":"\"Akanksha\"","offset":31},{"val":"\"Sharma\"","offset":42},{"val":"\"411001\"","offset":51}],"location":"stepdefinitions.CheckoutStep.user_provides_checkout_details(java.lang.String,java.lang.String,java.lang.String)"},"keyword":"And "},{"result":{"duration":998500,"status":"skipped"},"line":9,"name":"Payment information, shipping info and total should be correct","match":{"location":"stepdefinitions.CheckoutStep.payment_information_shipping_info_and_total_should_be_correct()"},"keyword":"Then "},{"result":{"duration":1035900,"status":"skipped"},"line":10,"name":"User completes the order","match":{"location":"stepdefinitions.CheckoutStep.user_completes_the_order()"},"keyword":"And "},{"result":{"status":"skipped"},"line":11,"name":"User should see confirmation message \"Thank you for your order!\"","match":{"arguments":[{"val":"\"Thank you for your order!\"","offset":37}],"location":"stepdefinitions.CheckoutStep.user_should_see_confirmation_message(java.lang.String)"},"keyword":"Then "}],"tags":[{"name":"@sanity"}]}],"name":"SauceDemo Checkout Functionality","description":"","id":"saucedemo-checkout-functionality","keyword":"Feature","uri":"file:src/test/resources/features/checkout.feature","tags":[]},{"line":1,"elements":[{"start_timestamp":"2025-07-16T17:21:51.601Z","before":[{"result":{"duration":800822700,"status":"passed"},"match":{"location":"hooks.Hooks.setup(io.cucumber.java.Scenario)"}}],"line":11,"name":"Login to SauceDemo with different users and verify result","description":"","id":"saucedemo-login-functionality;login-to-saucedemo-with-different-users-and-verify-result;;2","after":[{"result":{"duration":277718400,"status":"passed"},"match":{"location":"hooks.Hooks.tearDownTest(io.cucumber.java.Scenario)"}}],"type":"scenario","keyword":"Scenario Outline","steps":[{"result":{"duration":478239500,"status":"passed"},"line":4,"name":"User is on SauceDemo login page","match":{"location":"stepdefinitions.LoginStep.user_is_on_sauce_demo_login_page()"},"keyword":"Given "},{"result":{"duration":397051000,"status":"passed"},"line":5,"name":"User enters username \"standard_user\" and password \"secret_sauce\"","match":{"arguments":[{"val":"\"standard_user\"","offset":21},{"val":"\"secret_sauce\"","offset":50}],"location":"stepdefinitions.LoginStep.user_enters_username_and_password(java.lang.String,java.lang.String)"},"keyword":"When "},{"result":{"duration":155077800,"status":"passed"},"line":6,"name":"User clicks on Login button","match":{"location":"stepdefinitions.LoginStep.user_clicks_on_login_button()"},"keyword":"And "},{"result":{"duration":20187477300,"status":"passed"},"line":7,"name":"User should be \"success\"","match":{"arguments":[{"val":"\"success\"","offset":15}],"location":"stepdefinitions.LoginStep.user_should_be(java.lang.String)"},"keyword":"Then "}]},{"start_timestamp":"2025-07-16T17:22:13.942Z","before":[{"result":{"duration":863872300,"status":"passed"},"match":{"location":"hooks.Hooks.setup(io.cucumber.java.Scenario)"}}],"line":12,"name":"Login to SauceDemo with different users and verify result","description":"","id":"saucedemo-login-functionality;login-to-saucedemo-with-different-users-and-verify-result;;3","after":[{"result":{"duration":575426500,"status":"passed"},"match":{"location":"hooks.Hooks.tearDownTest(io.cucumber.java.Scenario)"}}],"type":"scenario","keyword":"Scenario Outline","steps":[{"result":{"duration":488784700,"status":"passed"},"line":4,"name":"User is on SauceDemo login page","match":{"location":"stepdefinitions.LoginStep.user_is_on_sauce_demo_login_page()"},"keyword":"Given "},{"result":{"duration":398180800,"status":"passed"},"line":5,"name":"User enters username \"problem_user\" and password \"secret_sauce\"","match":{"arguments":[{"val":"\"problem_user\"","offset":21},{"val":"\"secret_sauce\"","offset":49}],"location":"stepdefinitions.LoginStep.user_enters_username_and_password(java.lang.String,java.lang.String)"},"keyword":"When "},{"result":{"duration":175524100,"status":"passed"},"line":6,"name":"User clicks on Login button","match":{"location":"stepdefinitions.LoginStep.user_clicks_on_login_button()"},"keyword":"And "},{"result":{"error_message":"java.lang.AssertionError: Expected login failure but no error shown.\r\n\tat org.junit.Assert.fail(Assert.java:89)\r\n\tat org.junit.Assert.assertTrue(Assert.java:42)\r\n\tat stepdefinitions.LoginStep.user_should_be(LoginStep.java:60)\r\n\tat ✽.User should be \"failure\"(file:///C:/Users/ADMIN/eclipse-workspace/cucumber/src/test/resources/features/login.feature:7)\r\n","duration":20162079000,"status":"failed"},"line":7,"name":"User should be \"failure\"","match":{"arguments":[{"val":"\"failure\"","offset":15}],"location":"stepdefinitions.LoginStep.user_should_be(java.lang.String)"},"keyword":"Then "}]},{"start_timestamp":"2025-07-16T17:22:36.630Z","before":[{"result":{"duration":925741900,"status":"passed"},"match":{"location":"hooks.Hooks.setup(io.cucumber.java.Scenario)"}}],"line":13,"name":"Login to SauceDemo with different users and verify result","description":"","id":"saucedemo-login-functionality;login-to-saucedemo-with-different-users-and-verify-result;;4","after":[{"result":{"duration":315360900,"status":"passed"},"match":{"location":"hooks.Hooks.tearDownTest(io.cucumber.java.Scenario)"}}],"type":"scenario","keyword":"Scenario Outline","steps":[{"result":{"duration":468686300,"status":"passed"},"line":4,"name":"User is on SauceDemo login page","match":{"location":"stepdefinitions.LoginStep.user_is_on_sauce_demo_login_page()"},"keyword":"Given "},{"result":{"duration":425464100,"status":"passed"},"line":5,"name":"User enters username \"performance_glitch_user\" and password \"secret_sauce\"","match":{"arguments":[{"val":"\"performance_glitch_user\"","offset":21},{"val":"\"secret_sauce\"","offset":60}],"location":"stepdefinitions.LoginStep.user_enters_username_and_password(java.lang.String,java.lang.String)"},"keyword":"When "},{"result":{"duration":5148258700,"status":"passed"},"line":6,"name":"User clicks on Login button","match":{"location":"stepdefinitions.LoginStep.user_clicks_on_login_button()"},"keyword":"And "},{"result":{"duration":20158899700,"status":"passed"},"line":7,"name":"User should be \"success\"","match":{"arguments":[{"val":"\"success\"","offset":15}],"location":"stepdefinitions.LoginStep.user_should_be(java.lang.String)"},"keyword":"Then "}]},{"start_timestamp":"2025-07-16T17:23:04.094Z","before":[{"result":{"duration":1022552800,"status":"passed"},"match":{"location":"hooks.Hooks.setup(io.cucumber.java.Scenario)"}}],"line":14,"name":"Login to SauceDemo with different users and verify result","description":"","id":"saucedemo-login-functionality;login-to-saucedemo-with-different-users-and-verify-result;;5","after":[{"result":{"duration":269382100,"status":"passed"},"match":{"location":"hooks.Hooks.tearDownTest(io.cucumber.java.Scenario)"}}],"type":"scenario","keyword":"Scenario Outline","steps":[{"result":{"duration":867435400,"status":"passed"},"line":4,"name":"User is on SauceDemo login page","match":{"location":"stepdefinitions.LoginStep.user_is_on_sauce_demo_login_page()"},"keyword":"Given "},{"result":{"duration":351048800,"status":"passed"},"line":5,"name":"User enters username \"visual_user\" and password \"secret_sauce\"","match":{"arguments":[{"val":"\"visual_user\"","offset":21},{"val":"\"secret_sauce\"","offset":48}],"location":"stepdefinitions.LoginStep.user_enters_username_and_password(java.lang.String,java.lang.String)"},"keyword":"When "},{"result":{"duration":141628900,"status":"passed"},"line":6,"name":"User clicks on Login button","match":{"location":"stepdefinitions.LoginStep.user_clicks_on_login_button()"},"keyword":"And "},{"result":{"duration":20095807900,"status":"passed"},"line":7,"name":"User should be \"success\"","match":{"arguments":[{"val":"\"success\"","offset":15}],"location":"stepdefinitions.LoginStep.user_should_be(java.lang.String)"},"keyword":"Then "}]}],"name":"SauceDemo Login Functionality","description":"","id":"saucedemo-login-functionality","keyword":"Feature","uri":"file:src/test/resources/features/login.feature","tags":[]}]